# JRE version: OpenJDK Runtime Environment (15.0.2+7) (build 15.0.2+7-27)
# Java VM: OpenJDK 64-Bit Server VM (15.0.2+7-27, mixed mode, sharing, tiered, compressed oops, g1 gc, windows-amd64)
GC Precious Log:
 CPUs: 4 total, 4 available
 Memory: 8089M
 Large Page Support: Disabled
 NUMA Support: Disabled
 Compressed Oops: Enabled (32-bit)
 Heap Region Size: 1M
 Heap Min Capacity: 8M
 Heap Initial Capacity: 128M
 Heap Max Capacity: 2024M
 Pre-touch: Disabled
 Parallel Workers: 4
 Concurrent Workers: 1
 Concurrent Refinement Workers: 4
 Periodic GC: Disabled
Heap:
 garbage-first heap   total 1156096K, used 85388K [0x0000000081800000, 0x0000000100000000)
  region size 1024K, 28 young (28672K), 28 survivors (28672K)
 Metaspace       used 1210K, capacity 4588K, committed 4864K, reserved 1056768K
  class space    used 102K, capacity 396K, committed 512K, reserved 1048576K
GC Heap History (20 events):
Event: 0.548 GC heap after
{Heap after GC invocations=3 (full 0):
 garbage-first heap   total 131072K, used 4399K [0x0000000081800000, 0x0000000100000000)
  region size 1024K, 5 young (5120K), 5 survivors (5120K)
 Metaspace       used 949K, capacity 4578K, committed 4864K, reserved 1056768K
  class space    used 84K, capacity 394K, committed 512K, reserved 1048576K
}
Event: 0.605 GC heap before
{Heap before GC invocations=3 (full 0):
 garbage-first heap   total 131072K, used 78127K [0x0000000081800000, 0x0000000100000000)
  region size 1024K, 76 young (77824K), 5 survivors (5120K)
 Metaspace       used 949K, capacity 4578K, committed 4864K, reserved 1056768K
  class space    used 84K, capacity 394K, committed 512K, reserved 1048576K
}
Event: 0.616 GC heap after
{Heap after GC invocations=4 (full 0):
 garbage-first heap   total 131072K, used 7388K [0x0000000081800000, 0x0000000100000000)
  region size 1024K, 7 young (7168K), 7 survivors (7168K)
 Metaspace       used 949K, capacity 4578K, committed 4864K, reserved 1056768K
  class space    used 84K, capacity 394K, committed 512K, reserved 1048576K
}
Event: 0.665 GC heap before
{Heap before GC invocations=4 (full 0):
 garbage-first heap   total 131072K, used 78044K [0x0000000081800000, 0x0000000100000000)
  region size 1024K, 76 young (77824K), 7 survivors (7168K)
 Metaspace       used 949K, capacity 4578K, committed 4864K, reserved 1056768K
  class space    used 84K, capacity 394K, committed 512K, reserved 1048576K
}
Event: 0.680 GC heap after
{Heap after GC invocations=5 (full 0):
 garbage-first heap   total 203776K, used 9722K [0x0000000081800000, 0x0000000100000000)
  region size 1024K, 8 young (8192K), 8 survivors (8192K)
 Metaspace       used 949K, capacity 4578K, committed 4864K, reserved 1056768K
  class space    used 84K, capacity 394K, committed 512K, reserved 1048576K
}
Event: 0.786 GC heap before
{Heap before GC invocations=5 (full 0):
 garbage-first heap   total 203776K, used 124410K [0x0000000081800000, 0x0000000100000000)
  region size 1024K, 119 young (121856K), 8 survivors (8192K)
 Metaspace       used 949K, capacity 4578K, committed 4864K, reserved 1056768K
  class space    used 84K, capacity 394K, committed 512K, reserved 1048576K
}
Event: 0.812 GC heap after
{Heap after GC invocations=6 (full 0):
 garbage-first heap   total 203776K, used 14456K [0x0000000081800000, 0x0000000100000000)
  region size 1024K, 11 young (11264K), 11 survivors (11264K)
 Metaspace       used 949K, capacity 4578K, committed 4864K, reserved 1056768K
  class space    used 84K, capacity 394K, committed 512K, reserved 1048576K
}
Event: 0.870 GC heap before
{Heap before GC invocations=6 (full 0):
 garbage-first heap   total 203776K, used 127096K [0x0000000081800000, 0x0000000100000000)
  region size 1024K, 119 young (121856K), 11 survivors (11264K)
 Metaspace       used 949K, capacity 4578K, committed 4864K, reserved 1056768K
  class space    used 84K, capacity 394K, committed 512K, reserved 1048576K
}
Event: 0.902 GC heap after
{Heap after GC invocations=7 (full 0):
 garbage-first heap   total 203776K, used 20410K [0x0000000081800000, 0x0000000100000000)
  region size 1024K, 10 young (10240K), 10 survivors (10240K)
 Metaspace       used 949K, capacity 4578K, committed 4864K, reserved 1056768K
  class space    used 84K, capacity 394K, committed 512K, reserved 1048576K
}
Event: 1.012 GC heap before
{Heap before GC invocations=7 (full 0):
 garbage-first heap   total 203776K, used 135098K [0x0000000081800000, 0x0000000100000000)
  region size 1024K, 119 young (121856K), 10 survivors (10240K)
 Metaspace       used 1210K, capacity 4588K, committed 4864K, reserved 1056768K
  class space    used 102K, capacity 396K, committed 512K, reserved 1048576K
}
Event: 1.044 GC heap after
{Heap after GC invocations=8 (full 0):
 garbage-first heap   total 203776K, used 26998K [0x0000000081800000, 0x0000000100000000)
  region size 1024K, 11 young (11264K), 11 survivors (11264K)
 Metaspace       used 1210K, capacity 4588K, committed 4864K, reserved 1056768K
  class space    used 102K, capacity 396K, committed 512K, reserved 1048576K
}
Event: 1.145 GC heap before
{Heap before GC invocations=8 (full 0):
 garbage-first heap   total 203776K, used 137590K [0x0000000081800000, 0x0000000100000000)
  region size 1024K, 119 young (121856K), 11 survivors (11264K)
 Metaspace       used 1210K, capacity 4588K, committed 4864K, reserved 1056768K
  class space    used 102K, capacity 396K, committed 512K, reserved 1048576K
}
Event: 1.177 GC heap after
{Heap after GC invocations=9 (full 0):
 garbage-first heap   total 544768K, used 30457K [0x0000000081800000, 0x0000000100000000)
  region size 1024K, 11 young (11264K), 11 survivors (11264K)
 Metaspace       used 1210K, capacity 4588K, committed 4864K, reserved 1056768K
  class space    used 102K, capacity 396K, committed 512K, reserved 1048576K
}
Event: 1.530 GC heap before
{Heap before GC invocations=9 (full 0):
 garbage-first heap   total 544768K, used 349945K [0x0000000081800000, 0x0000000100000000)
  region size 1024K, 319 young (326656K), 11 survivors (11264K)
 Metaspace       used 1210K, capacity 4588K, committed 4864K, reserved 1056768K
  class space    used 102K, capacity 396K, committed 512K, reserved 1048576K
}
Event: 1.581 GC heap after
{Heap after GC invocations=10 (full 0):
 garbage-first heap   total 544768K, used 44281K [0x0000000081800000, 0x0000000100000000)
  region size 1024K, 21 young (21504K), 21 survivors (21504K)
 Metaspace       used 1210K, capacity 4588K, committed 4864K, reserved 1056768K
  class space    used 102K, capacity 396K, committed 512K, reserved 1048576K
}
Event: 1.748 GC heap before
{Heap before GC invocations=10 (full 0):
 garbage-first heap   total 544768K, used 354553K [0x0000000081800000, 0x0000000100000000)
  region size 1024K, 319 young (326656K), 21 survivors (21504K)
 Metaspace       used 1210K, capacity 4588K, committed 4864K, reserved 1056768K
  class space    used 102K, capacity 396K, committed 512K, reserved 1048576K
}
Event: 1.818 GC heap after
{Heap after GC invocations=11 (full 0):
 garbage-first heap   total 544768K, used 58617K [0x0000000081800000, 0x0000000100000000)
  region size 1024K, 30 young (30720K), 30 survivors (30720K)
 Metaspace       used 1210K, capacity 4588K, committed 4864K, reserved 1056768K
  class space    used 102K, capacity 396K, committed 512K, reserved 1048576K
}
Event: 2.037 GC heap before
{Heap before GC invocations=11 (full 0):
 garbage-first heap   total 544768K, used 354553K [0x0000000081800000, 0x0000000100000000)
  region size 1024K, 319 young (326656K), 30 survivors (30720K)
 Metaspace       used 1210K, capacity 4588K, committed 4864K, reserved 1056768K
  class space    used 102K, capacity 396K, committed 512K, reserved 1048576K
}
Event: 2.104 GC heap after
{Heap after GC invocations=12 (full 0):
 garbage-first heap   total 544768K, used 67653K [0x0000000081800000, 0x0000000100000000)
  region size 1024K, 28 young (28672K), 28 survivors (28672K)
 Metaspace       used 1210K, capacity 4588K, committed 4864K, reserved 1056768K
  class space    used 102K, capacity 396K, committed 512K, reserved 1048576K
}
Event: 2.284 GC heap before
{Heap before GC invocations=12 (full 0):
 garbage-first heap   total 544768K, used 372805K [0x0000000081800000, 0x0000000100000000)
  region size 1024K, 319 young (326656K), 28 survivors (28672K)
 Metaspace       used 1210K, capacity 4588K, committed 4864K, reserved 1056768K
  class space    used 102K, capacity 396K, committed 512K, reserved 1048576K
}

