# JRE version: OpenJDK Runtime Environment (15.0.2+7) (build 15.0.2+7-27)
# Java VM: OpenJDK 64-Bit Server VM (15.0.2+7-27, mixed mode, sharing, tiered, compressed oops, g1 gc, windows-amd64)
GC Precious Log:
 CPUs: 4 total, 4 available
 Memory: 8089M
 Large Page Support: Disabled
 NUMA Support: Disabled
 Compressed Oops: Enabled (32-bit)
 Heap Region Size: 1M
 Heap Min Capacity: 8M
 Heap Initial Capacity: 128M
 Heap Max Capacity: 2024M
 Pre-touch: Disabled
 Parallel Workers: 4
 Concurrent Workers: 1
 Concurrent Refinement Workers: 4
 Periodic GC: Disabled
Heap:
 garbage-first heap   total 1058816K, used 69120K [0x0000000081800000, 0x0000000100000000)
  region size 1024K, 23 young (23552K), 23 survivors (23552K)
 Metaspace       used 1210K, capacity 4588K, committed 4864K, reserved 1056768K
  class space    used 102K, capacity 396K, committed 512K, reserved 1048576K
GC Heap History (20 events):
Event: 0.715 GC heap after
{Heap after GC invocations=3 (full 0):
 garbage-first heap   total 131072K, used 4396K [0x0000000081800000, 0x0000000100000000)
  region size 1024K, 5 young (5120K), 5 survivors (5120K)
 Metaspace       used 949K, capacity 4578K, committed 4864K, reserved 1056768K
  class space    used 84K, capacity 394K, committed 512K, reserved 1048576K
}
Event: 0.765 GC heap before
{Heap before GC invocations=3 (full 0):
 garbage-first heap   total 131072K, used 78124K [0x0000000081800000, 0x0000000100000000)
  region size 1024K, 76 young (77824K), 5 survivors (5120K)
 Metaspace       used 949K, capacity 4578K, committed 4864K, reserved 1056768K
  class space    used 84K, capacity 394K, committed 512K, reserved 1048576K
}
Event: 0.776 GC heap after
{Heap after GC invocations=4 (full 0):
 garbage-first heap   total 131072K, used 7390K [0x0000000081800000, 0x0000000100000000)
  region size 1024K, 7 young (7168K), 7 survivors (7168K)
 Metaspace       used 949K, capacity 4578K, committed 4864K, reserved 1056768K
  class space    used 84K, capacity 394K, committed 512K, reserved 1048576K
}
Event: 0.810 GC heap before
{Heap before GC invocations=4 (full 0):
 garbage-first heap   total 131072K, used 78046K [0x0000000081800000, 0x0000000100000000)
  region size 1024K, 76 young (77824K), 7 survivors (7168K)
 Metaspace       used 949K, capacity 4578K, committed 4864K, reserved 1056768K
  class space    used 84K, capacity 394K, committed 512K, reserved 1048576K
}
Event: 0.825 GC heap after
{Heap after GC invocations=5 (full 0):
 garbage-first heap   total 185344K, used 10090K [0x0000000081800000, 0x0000000100000000)
  region size 1024K, 8 young (8192K), 8 survivors (8192K)
 Metaspace       used 949K, capacity 4578K, committed 4864K, reserved 1056768K
  class space    used 84K, capacity 394K, committed 512K, reserved 1048576K
}
Event: 0.917 GC heap before
{Heap before GC invocations=5 (full 0):
 garbage-first heap   total 185344K, used 113514K [0x0000000081800000, 0x0000000100000000)
  region size 1024K, 108 young (110592K), 8 survivors (8192K)
 Metaspace       used 949K, capacity 4578K, committed 4864K, reserved 1056768K
  class space    used 84K, capacity 394K, committed 512K, reserved 1048576K
}
Event: 0.940 GC heap after
{Heap after GC invocations=6 (full 0):
 garbage-first heap   total 185344K, used 13797K [0x0000000081800000, 0x0000000100000000)
  region size 1024K, 11 young (11264K), 11 survivors (11264K)
 Metaspace       used 949K, capacity 4578K, committed 4864K, reserved 1056768K
  class space    used 84K, capacity 394K, committed 512K, reserved 1048576K
}
Event: 0.987 GC heap before
{Heap before GC invocations=6 (full 0):
 garbage-first heap   total 185344K, used 115173K [0x0000000081800000, 0x0000000100000000)
  region size 1024K, 108 young (110592K), 11 survivors (11264K)
 Metaspace       used 949K, capacity 4578K, committed 4864K, reserved 1056768K
  class space    used 84K, capacity 394K, committed 512K, reserved 1048576K
}
Event: 1.017 GC heap after
{Heap after GC invocations=7 (full 0):
 garbage-first heap   total 185344K, used 19416K [0x0000000081800000, 0x0000000100000000)
  region size 1024K, 9 young (9216K), 9 survivors (9216K)
 Metaspace       used 949K, capacity 4578K, committed 4864K, reserved 1056768K
  class space    used 84K, capacity 394K, committed 512K, reserved 1048576K
}
Event: 1.146 GC heap before
{Heap before GC invocations=7 (full 0):
 garbage-first heap   total 185344K, used 120792K [0x0000000081800000, 0x0000000100000000)
  region size 1024K, 108 young (110592K), 9 survivors (9216K)
 Metaspace       used 1209K, capacity 4588K, committed 4864K, reserved 1056768K
  class space    used 102K, capacity 396K, committed 512K, reserved 1048576K
}
Event: 1.172 GC heap after
{Heap after GC invocations=8 (full 0):
 garbage-first heap   total 185344K, used 23524K [0x0000000081800000, 0x0000000100000000)
  region size 1024K, 11 young (11264K), 11 survivors (11264K)
 Metaspace       used 1209K, capacity 4588K, committed 4864K, reserved 1056768K
  class space    used 102K, capacity 396K, committed 512K, reserved 1048576K
}
Event: 1.225 GC heap before
{Heap before GC invocations=8 (full 0):
 garbage-first heap   total 185344K, used 125924K [0x0000000081800000, 0x0000000100000000)
  region size 1024K, 108 young (110592K), 11 survivors (11264K)
 Metaspace       used 1210K, capacity 4588K, committed 4864K, reserved 1056768K
  class space    used 102K, capacity 396K, committed 512K, reserved 1048576K
}
Event: 1.253 GC heap after
{Heap after GC invocations=9 (full 0):
 garbage-first heap   total 434176K, used 29440K [0x0000000081800000, 0x0000000100000000)
  region size 1024K, 10 young (10240K), 10 survivors (10240K)
 Metaspace       used 1210K, capacity 4588K, committed 4864K, reserved 1056768K
  class space    used 102K, capacity 396K, committed 512K, reserved 1048576K
}
Event: 1.741 GC heap before
{Heap before GC invocations=9 (full 0):
 garbage-first heap   total 434176K, used 283392K [0x0000000081800000, 0x0000000100000000)
  region size 1024K, 254 young (260096K), 10 survivors (10240K)
 Metaspace       used 1210K, capacity 4588K, committed 4864K, reserved 1056768K
  class space    used 102K, capacity 396K, committed 512K, reserved 1048576K
}
Event: 1.778 GC heap after
{Heap after GC invocations=10 (full 0):
 garbage-first heap   total 434176K, used 41178K [0x0000000081800000, 0x0000000100000000)
  region size 1024K, 18 young (18432K), 18 survivors (18432K)
 Metaspace       used 1210K, capacity 4588K, committed 4864K, reserved 1056768K
  class space    used 102K, capacity 396K, committed 512K, reserved 1048576K
}
Event: 1.962 GC heap before
{Heap before GC invocations=10 (full 0):
 garbage-first heap   total 434176K, used 282842K [0x0000000081800000, 0x0000000100000000)
  region size 1024K, 254 young (260096K), 18 survivors (18432K)
 Metaspace       used 1210K, capacity 4588K, committed 4864K, reserved 1056768K
  class space    used 102K, capacity 396K, committed 512K, reserved 1048576K
}
Event: 2.006 GC heap after
{Heap after GC invocations=11 (full 0):
 garbage-first heap   total 434176K, used 49383K [0x0000000081800000, 0x0000000100000000)
  region size 1024K, 23 young (23552K), 23 survivors (23552K)
 Metaspace       used 1210K, capacity 4588K, committed 4864K, reserved 1056768K
  class space    used 102K, capacity 396K, committed 512K, reserved 1048576K
}
Event: 2.197 GC heap before
{Heap before GC invocations=11 (full 0):
 garbage-first heap   total 434176K, used 291047K [0x0000000081800000, 0x0000000100000000)
  region size 1024K, 254 young (260096K), 23 survivors (23552K)
 Metaspace       used 1210K, capacity 4588K, committed 4864K, reserved 1056768K
  class space    used 102K, capacity 396K, committed 512K, reserved 1048576K
}
Event: 2.270 GC heap after
{Heap after GC invocations=12 (full 0):
 garbage-first heap   total 434176K, used 61296K [0x0000000081800000, 0x0000000100000000)
  region size 1024K, 23 young (23552K), 23 survivors (23552K)
 Metaspace       used 1210K, capacity 4588K, committed 4864K, reserved 1056768K
  class space    used 102K, capacity 396K, committed 512K, reserved 1048576K
}
Event: 2.381 GC heap before
{Heap before GC invocations=12 (full 0):
 garbage-first heap   total 434176K, used 297840K [0x0000000081800000, 0x0000000100000000)
  region size 1024K, 254 young (260096K), 23 survivors (23552K)
 Metaspace       used 1210K, capacity 4588K, committed 4864K, reserved 1056768K
  class space    used 102K, capacity 396K, committed 512K, reserved 1048576K
}

