# JRE version: OpenJDK Runtime Environment (15.0.2+7) (build 15.0.2+7-27)
# Java VM: OpenJDK 64-Bit Server VM (15.0.2+7-27, mixed mode, sharing, tiered, compressed oops, g1 gc, windows-amd64)
GC Precious Log:
 CPUs: 4 total, 4 available
 Memory: 8089M
 Large Page Support: Disabled
 NUMA Support: Disabled
 Compressed Oops: Enabled (32-bit)
 Heap Region Size: 1M
 Heap Min Capacity: 8M
 Heap Initial Capacity: 128M
 Heap Max Capacity: 2024M
 Pre-touch: Disabled
 Parallel Workers: 4
 Concurrent Workers: 1
 Concurrent Refinement Workers: 4
 Periodic GC: Disabled
Heap:
 garbage-first heap   total 526336K, used 29928K [0x0000000081800000, 0x0000000100000000)
  region size 1024K, 11 young (11264K), 11 survivors (11264K)
 Metaspace       used 1206K, capacity 4588K, committed 4864K, reserved 1056768K
  class space    used 102K, capacity 396K, committed 512K, reserved 1048576K
GC Heap History (17 events):
Event: 0.344 GC heap before
{Heap before GC invocations=0 (full 0):
 garbage-first heap   total 131072K, used 13312K [0x0000000081800000, 0x0000000100000000)
  region size 1024K, 13 young (13312K), 0 survivors (0K)
 Metaspace       used 946K, capacity 4578K, committed 4864K, reserved 1056768K
  class space    used 84K, capacity 394K, committed 512K, reserved 1048576K
}
Event: 0.349 GC heap after
{Heap after GC invocations=1 (full 0):
 garbage-first heap   total 131072K, used 1217K [0x0000000081800000, 0x0000000100000000)
  region size 1024K, 2 young (2048K), 2 survivors (2048K)
 Metaspace       used 946K, capacity 4578K, committed 4864K, reserved 1056768K
  class space    used 84K, capacity 394K, committed 512K, reserved 1048576K
}
Event: 0.421 GC heap before
{Heap before GC invocations=1 (full 0):
 garbage-first heap   total 131072K, used 19649K [0x0000000081800000, 0x0000000100000000)
  region size 1024K, 20 young (20480K), 2 survivors (2048K)
 Metaspace       used 947K, capacity 4578K, committed 4864K, reserved 1056768K
  class space    used 84K, capacity 394K, committed 512K, reserved 1048576K
}
Event: 0.425 GC heap after
{Heap after GC invocations=2 (full 0):
 garbage-first heap   total 131072K, used 1867K [0x0000000081800000, 0x0000000100000000)
  region size 1024K, 2 young (2048K), 2 survivors (2048K)
 Metaspace       used 947K, capacity 4578K, committed 4864K, reserved 1056768K
  class space    used 84K, capacity 394K, committed 512K, reserved 1048576K
}
Event: 0.568 GC heap before
{Heap before GC invocations=2 (full 0):
 garbage-first heap   total 131072K, used 77643K [0x0000000081800000, 0x0000000100000000)
  region size 1024K, 76 young (77824K), 2 survivors (2048K)
 Metaspace       used 949K, capacity 4578K, committed 4864K, reserved 1056768K
  class space    used 84K, capacity 394K, committed 512K, reserved 1048576K
}
Event: 0.576 GC heap after
{Heap after GC invocations=3 (full 0):
 garbage-first heap   total 131072K, used 4298K [0x0000000081800000, 0x0000000100000000)
  region size 1024K, 5 young (5120K), 5 survivors (5120K)
 Metaspace       used 949K, capacity 4578K, committed 4864K, reserved 1056768K
  class space    used 84K, capacity 394K, committed 512K, reserved 1048576K
}
Event: 0.635 GC heap before
{Heap before GC invocations=3 (full 0):
 garbage-first heap   total 131072K, used 78026K [0x0000000081800000, 0x0000000100000000)
  region size 1024K, 76 young (77824K), 5 survivors (5120K)
 Metaspace       used 949K, capacity 4578K, committed 4864K, reserved 1056768K
  class space    used 84K, capacity 394K, committed 512K, reserved 1048576K
}
Event: 0.647 GC heap after
{Heap after GC invocations=4 (full 0):
 garbage-first heap   total 131072K, used 7389K [0x0000000081800000, 0x0000000100000000)
  region size 1024K, 7 young (7168K), 7 survivors (7168K)
 Metaspace       used 949K, capacity 4578K, committed 4864K, reserved 1056768K
  class space    used 84K, capacity 394K, committed 512K, reserved 1048576K
}
Event: 0.682 GC heap before
{Heap before GC invocations=4 (full 0):
 garbage-first heap   total 131072K, used 78045K [0x0000000081800000, 0x0000000100000000)
  region size 1024K, 76 young (77824K), 7 survivors (7168K)
 Metaspace       used 949K, capacity 4578K, committed 4864K, reserved 1056768K
  class space    used 84K, capacity 394K, committed 512K, reserved 1048576K
}
Event: 0.698 GC heap after
{Heap after GC invocations=5 (full 0):
 garbage-first heap   total 197632K, used 10085K [0x0000000081800000, 0x0000000100000000)
  region size 1024K, 8 young (8192K), 8 survivors (8192K)
 Metaspace       used 949K, capacity 4578K, committed 4864K, reserved 1056768K
  class space    used 84K, capacity 394K, committed 512K, reserved 1048576K
}
Event: 0.803 GC heap before
{Heap before GC invocations=5 (full 0):
 garbage-first heap   total 197632K, used 120677K [0x0000000081800000, 0x0000000100000000)
  region size 1024K, 115 young (117760K), 8 survivors (8192K)
 Metaspace       used 949K, capacity 4578K, committed 4864K, reserved 1056768K
  class space    used 84K, capacity 394K, committed 512K, reserved 1048576K
}
Event: 0.824 GC heap after
{Heap after GC invocations=6 (full 0):
 garbage-first heap   total 197632K, used 14128K [0x0000000081800000, 0x0000000100000000)
  region size 1024K, 11 young (11264K), 11 survivors (11264K)
 Metaspace       used 949K, capacity 4578K, committed 4864K, reserved 1056768K
  class space    used 84K, capacity 394K, committed 512K, reserved 1048576K
}
Event: 0.879 GC heap before
{Heap before GC invocations=6 (full 0):
 garbage-first heap   total 197632K, used 122672K [0x0000000081800000, 0x0000000100000000)
  region size 1024K, 115 young (117760K), 11 survivors (11264K)
 Metaspace       used 949K, capacity 4578K, committed 4864K, reserved 1056768K
  class space    used 84K, capacity 394K, committed 512K, reserved 1048576K
}
Event: 0.908 GC heap after
{Heap after GC invocations=7 (full 0):
 garbage-first heap   total 197632K, used 19794K [0x0000000081800000, 0x0000000100000000)
  region size 1024K, 12 young (12288K), 12 survivors (12288K)
 Metaspace       used 949K, capacity 4578K, committed 4864K, reserved 1056768K
  class space    used 84K, capacity 394K, committed 512K, reserved 1048576K
}
Event: 1.051 GC heap before
{Heap before GC invocations=7 (full 0):
 garbage-first heap   total 197632K, used 128338K [0x0000000081800000, 0x0000000100000000)
  region size 1024K, 115 young (117760K), 12 survivors (12288K)
 Metaspace       used 949K, capacity 4578K, committed 4864K, reserved 1056768K
  class space    used 84K, capacity 394K, committed 512K, reserved 1048576K
}
Event: 1.093 GC heap after
{Heap after GC invocations=8 (full 0):
 garbage-first heap   total 197632K, used 26324K [0x0000000081800000, 0x0000000100000000)
  region size 1024K, 11 young (11264K), 11 survivors (11264K)
 Metaspace       used 949K, capacity 4578K, committed 4864K, reserved 1056768K
  class space    used 84K, capacity 394K, committed 512K, reserved 1048576K
}
Event: 1.190 GC heap before
{Heap before GC invocations=8 (full 0):
 garbage-first heap   total 197632K, used 132820K [0x0000000081800000, 0x0000000100000000)
  region size 1024K, 115 young (117760K), 11 survivors (11264K)
 Metaspace       used 1206K, capacity 4588K, committed 4864K, reserved 1056768K
  class space    used 102K, capacity 396K, committed 512K, reserved 1048576K
}

